<?xml version="1.0" encoding="UTF-8"?>
<testng-results skipped="0" failed="0" ignored="0" total="1" passed="1">
  <reporter-output>
  </reporter-output>
  <suite name="Default suite" duration-ms="55355" started-at="2017-08-15T20:57:13Z" finished-at="2017-08-15T20:58:08Z">
    <groups>
    </groups>
    <test name="Default test" duration-ms="55355" started-at="2017-08-15T20:57:13Z" finished-at="2017-08-15T20:58:08Z">
      <class name="Testcases.TC1">
        <test-method status="PASS" signature="my_test()[pri:0, instance:Testcases.TC1@3532ec19]" name="my_test" duration-ms="55117" started-at="2017-08-15T16:57:13Z" finished-at="2017-08-15T16:58:08Z">
          <reporter-output>
          </reporter-output>
        </test-method> <!-- my_test -->
      </class> <!-- Testcases.TC1 -->
    </test> <!-- Default test -->
  </suite> <!-- Default suite -->
</testng-results>
