<?xml version="1.0" encoding="UTF-8"?>
<testng-results skipped="0" failed="0" ignored="0" total="1" passed="1">
  <reporter-output>
  </reporter-output>
  <suite name="Suite" duration-ms="18666" started-at="2017-08-15T20:59:10Z" finished-at="2017-08-15T20:59:29Z">
    <groups>
    </groups>
    <test name="Test" duration-ms="18666" started-at="2017-08-15T20:59:10Z" finished-at="2017-08-15T20:59:29Z">
      <class name="Testcases.TC1">
        <test-method status="PASS" signature="my_test()[pri:0, instance:Testcases.TC1@38082d64]" name="my_test" duration-ms="18463" started-at="2017-08-15T16:59:10Z" finished-at="2017-08-15T16:59:28Z">
          <reporter-output>
          </reporter-output>
        </test-method> <!-- my_test -->
      </class> <!-- Testcases.TC1 -->
    </test> <!-- Test -->
  </suite> <!-- Suite -->
</testng-results>
